<?xml version="1.0" encoding="UTF-8"?>
<testng-results ignored="0" total="1" passed="1" failed="0" skipped="0">
  <reporter-output>
  </reporter-output>
  <suite started-at="2025-11-20T11:56:55 IST" name="Suite" finished-at="2025-11-20T11:57:16 IST" duration-ms="21090">
    <groups>
      <group name="Master">
        <method signature="Tc03AddCustomer.verify_LoginwithValidCredentials()[pri:0, instance:com.testCases.Tc03AddCustomer@7e4204e2]" name="verify_LoginwithValidCredentials" class="com.testCases.Tc03AddCustomer"/>
      </group> <!-- Master -->
      <group name="Sanity">
        <method signature="Tc03AddCustomer.verify_LoginwithValidCredentials()[pri:0, instance:com.testCases.Tc03AddCustomer@7e4204e2]" name="verify_LoginwithValidCredentials" class="com.testCases.Tc03AddCustomer"/>
      </group> <!-- Sanity -->
    </groups>
    <test started-at="2025-11-20T11:56:55 IST" name="Test" finished-at="2025-11-20T11:57:16 IST" duration-ms="21090">
      <class name="com.testCases.Tc03AddCustomer">
        <test-method is-config="true" signature="setup(java.lang.String,java.lang.String)[pri:0, instance:com.testCases.Tc03AddCustomer@7e4204e2]" started-at="2025-11-20T11:56:56 IST" name="setup" finished-at="2025-11-20T11:57:07 IST" duration-ms="11661" status="PASS">
          <params>
            <param index="0">
              <value>
                <![CDATA[windows]]>
              </value>
            </param>
            <param index="1">
              <value>
                <![CDATA[firefox]]>
              </value>
            </param>
          </params>
          <reporter-output>
          </reporter-output>
        </test-method> <!-- setup -->
        <test-method signature="verify_LoginwithValidCredentials()[pri:0, instance:com.testCases.Tc03AddCustomer@7e4204e2]" started-at="2025-11-20T11:57:07 IST" name="verify_LoginwithValidCredentials" finished-at="2025-11-20T11:57:14 IST" duration-ms="6770" status="PASS">
          <reporter-output>
          </reporter-output>
        </test-method> <!-- verify_LoginwithValidCredentials -->
        <test-method is-config="true" signature="tearDown()[pri:0, instance:com.testCases.Tc03AddCustomer@7e4204e2]" started-at="2025-11-20T11:57:14 IST" name="tearDown" finished-at="2025-11-20T11:57:16 IST" duration-ms="2221" status="PASS">
          <reporter-output>
          </reporter-output>
        </test-method> <!-- tearDown -->
      </class> <!-- com.testCases.Tc03AddCustomer -->
    </test> <!-- Test -->
  </suite> <!-- Suite -->
</testng-results>
